<?xml version="1.0" encoding="UTF-8"?>
<!-- Generated by org.testng.reporters.JUnitXMLReporter -->
<testsuite hostname="Rajesh-V" ignored="0" name="Default test" tests="3" failures="0" timestamp="2021-12-30T19:27:09 IST" time="153.467" errors="0">
  <testcase name="WomenDress" time="27.774" classname="com.TestNg_Project.Project1_TestNg"/>
  <testcase name="DressPage" time="32.902" classname="com.TestNg_Project.Project1_TestNg"/>
  <testcase name="TShirts" time="32.567" classname="com.TestNg_Project.Project1_TestNg"/>
</testsuite> <!-- Default test -->
